<?xml version="1.0" encoding="UTF-8"?>
<testng-results ignored="0" total="2" passed="2" failed="0" skipped="0">
  <reporter-output>
  </reporter-output>
  <suite started-at="2023-01-09T20:51:27 IST" name="Default suite" finished-at="2023-01-09T20:51:27 IST" duration-ms="162">
    <groups>
    </groups>
    <test started-at="2023-01-09T20:51:27 IST" name="Default test" finished-at="2023-01-09T20:51:27 IST" duration-ms="162">
      <class name="day1.day1">
        <test-method is-config="true" signature="day3()[pri:0, instance:day1.day1@306f16f3]" started-at="2023-01-09T20:51:27 IST" name="day3" finished-at="2023-01-09T20:51:27 IST" duration-ms="18" status="PASS">
          <reporter-output>
          </reporter-output>
        </test-method> <!-- day3 -->
        <test-method signature="demo1()[pri:0, instance:day1.day1@306f16f3]" started-at="2023-01-09T20:51:27 IST" name="demo1" finished-at="2023-01-09T20:51:27 IST" duration-ms="16" status="PASS">
          <reporter-output>
          </reporter-output>
        </test-method> <!-- demo1 -->
        <test-method signature="demo2()[pri:0, instance:day1.day1@306f16f3]" started-at="2023-01-09T20:51:27 IST" name="demo2" finished-at="2023-01-09T20:51:27 IST" duration-ms="3" status="PASS">
          <reporter-output>
          </reporter-output>
        </test-method> <!-- demo2 -->
        <test-method is-config="true" signature="day9()[pri:0, instance:day1.day1@306f16f3]" started-at="2023-01-09T20:51:27 IST" name="day9" finished-at="2023-01-09T20:51:27 IST" duration-ms="0" status="PASS">
          <reporter-output>
          </reporter-output>
        </test-method> <!-- day9 -->
      </class> <!-- day1.day1 -->
    </test> <!-- Default test -->
  </suite> <!-- Default suite -->
</testng-results>
