<?xml version="1.0" encoding="UTF-8"?>
<testng-results total="2" passed="2" failed="0" skipped="0">
  <reporter-output>
  </reporter-output>
  <suite started-at="2023-02-22T14:32:49Z" name="Default suite" finished-at="2023-02-22T14:33:09Z" duration-ms="20177">
    <groups>
    </groups>
    <test started-at="2023-02-22T14:32:49Z" name="Default test" finished-at="2023-02-22T14:33:09Z" duration-ms="20177">
      <class name="excel.datadriven.exceldatadriven">
        <test-method signature="login(java.lang.String, java.lang.String)[pri:0, instance:excel.datadriven.exceldatadriven@5d066c7d]" started-at="2023-02-22T20:02:50Z" name="login" data-provider="getdata" finished-at="2023-02-22T20:03:02Z" duration-ms="12108" status="PASS">
          <params>
            <param index="0">
              <value>
                <![CDATA[siddhesh.pasalkar@bakuun.com]]>
              </value>
            </param>
            <param index="1">
              <value is-null="true"/>
            </param>
          </params>
          <reporter-output>
          </reporter-output>
        </test-method> <!-- login -->
        <test-method signature="login(java.lang.String, java.lang.String)[pri:0, instance:excel.datadriven.exceldatadriven@5d066c7d]" started-at="2023-02-22T20:03:02Z" name="login" data-provider="getdata" finished-at="2023-02-22T20:03:09Z" duration-ms="6961" status="PASS">
          <params>
            <param index="0">
              <value>
                <![CDATA[siddypasalkar007@gmail.com]]>
              </value>
            </param>
            <param index="1">
              <value is-null="true"/>
            </param>
          </params>
          <reporter-output>
          </reporter-output>
        </test-method> <!-- login -->
      </class> <!-- excel.datadriven.exceldatadriven -->
    </test> <!-- Default test -->
  </suite> <!-- Default suite -->
</testng-results>
