<?xml version="1.0" encoding="UTF-8"?>
<testng-results ignored="0" total="0" passed="0" failed="0" skipped="0">
  <reporter-output>
  </reporter-output>
  <suite started-at="2023-02-07T19:44:27 IST" name="Default suite" finished-at="2023-02-07T19:44:29 IST" duration-ms="2410">
    <groups>
      <group name="cucumber">
        <method signature="AbstractTestNGCucumberTests.runScenario(io.cucumber.testng.PickleWrapper,io.cucumber.testng.FeatureWrapper)[pri:0, instance:cucumber.TestNgTestRunner@75437611]" name="runScenario" class="io.cucumber.testng.AbstractTestNGCucumberTests"/>
      </group> <!-- cucumber -->
    </groups>
    <test started-at="2023-02-07T19:44:27 IST" name="Default test" finished-at="2023-02-07T19:44:29 IST" duration-ms="2410">
      <class name="cucumber.TestNgTestRunner">
        <test-method is-config="true" signature="setUpClass(org.testng.ITestContext)[pri:0, instance:cucumber.TestNgTestRunner@75437611]" started-at="2023-02-07T19:44:27 IST" name="setUpClass" finished-at="2023-02-07T19:44:29 IST" duration-ms="2141" status="PASS">
          <params>
            <param index="0">
              <value>
                <![CDATA[org.testng.TestRunner@3a7b503d]]>
              </value>
            </param>
          </params>
          <reporter-output>
          </reporter-output>
        </test-method> <!-- setUpClass -->
        <test-method is-config="true" signature="tearDownClass()[pri:0, instance:cucumber.TestNgTestRunner@75437611]" started-at="2023-02-07T19:44:29 IST" name="tearDownClass" finished-at="2023-02-07T19:44:29 IST" duration-ms="153" status="PASS">
          <reporter-output>
          </reporter-output>
        </test-method> <!-- tearDownClass -->
      </class> <!-- cucumber.TestNgTestRunner -->
    </test> <!-- Default test -->
  </suite> <!-- Default suite -->
</testng-results>
