<?xml version="1.0" encoding="UTF-8"?>
<testng-results ignored="0" total="1" passed="1" failed="0" skipped="0">
  <reporter-output>
  </reporter-output>
  <suite started-at="2023-01-31T20:32:24 IST" name="Default suite" finished-at="2023-01-31T20:32:42 IST" duration-ms="17521">
    <groups>
    </groups>
    <test started-at="2023-01-31T20:32:24 IST" name="Default test" finished-at="2023-01-31T20:32:42 IST" duration-ms="17521">
      <class name="ExtentReport.demo.Extentreportdemo">
        <test-method is-config="true" signature="config()[pri:0, instance:ExtentReport.demo.Extentreportdemo@71ba6d4e]" started-at="2023-01-31T20:32:24 IST" name="config" finished-at="2023-01-31T20:32:26 IST" duration-ms="1718" status="PASS">
          <reporter-output>
          </reporter-output>
        </test-method> <!-- config -->
        <test-method signature="pdadmin()[pri:0, instance:ExtentReport.demo.Extentreportdemo@71ba6d4e]" started-at="2023-01-31T20:32:26 IST" name="pdadmin" finished-at="2023-01-31T20:32:42 IST" duration-ms="15554" status="PASS">
          <reporter-output>
          </reporter-output>
        </test-method> <!-- pdadmin -->
      </class> <!-- ExtentReport.demo.Extentreportdemo -->
    </test> <!-- Default test -->
  </suite> <!-- Default suite -->
</testng-results>
