<?xml version="1.0" encoding="UTF-8"?>
<testng-results ignored="0" total="1" passed="1" failed="0" skipped="0">
  <reporter-output>
  </reporter-output>
  <suite started-at="2023-02-07T21:15:18 IST" name="Suite" finished-at="2023-02-07T21:15:57 IST" duration-ms="39005">
    <groups>
    </groups>
    <test started-at="2023-02-07T21:15:18 IST" name="Test" finished-at="2023-02-07T21:15:57 IST" duration-ms="39005">
      <class name="siddemo.tests.Standolonetest2">
        <test-method is-config="true" signature="Launchpage()[pri:0, instance:siddemo.tests.Standolonetest2@41e68d87]" started-at="2023-02-07T21:15:18 IST" name="Launchpage" finished-at="2023-02-07T21:15:29 IST" duration-ms="10815" status="PASS">
          <reporter-output>
          </reporter-output>
        </test-method> <!-- Launchpage -->
        <test-method signature="SubmitOrder(java.util.HashMap)[pri:0, instance:siddemo.tests.Standolonetest2@41e68d87]" started-at="2023-02-07T21:15:29 IST" name="SubmitOrder" data-provider="getdata" finished-at="2023-02-07T21:15:56 IST" duration-ms="27242" status="PASS">
          <params>
            <param index="0">
              <value>
                <![CDATA[{ productname=ADIDAS ORIGINAL, useremail=sid@gmail.com, userpassword=Siddhesh@1998}]]>
              </value>
            </param>
          </params>
          <reporter-output>
          </reporter-output>
        </test-method> <!-- SubmitOrder -->
        <test-method is-config="true" signature="teardown()[pri:0, instance:siddemo.tests.Standolonetest2@41e68d87]" started-at="2023-02-07T21:15:56 IST" name="teardown" finished-at="2023-02-07T21:15:57 IST" duration-ms="249" status="PASS">
          <reporter-output>
          </reporter-output>
        </test-method> <!-- teardown -->
      </class> <!-- siddemo.tests.Standolonetest2 -->
    </test> <!-- Test -->
  </suite> <!-- Suite -->
</testng-results>
